<?xml version="1.0" encoding="UTF-8"?>
<testng-results ignored="0" total="0" passed="0" failed="0" skipped="0">
  <reporter-output>
  </reporter-output>
  <suite started-at="2025-05-03T20:11:11 IST" name="org.example.regression.common.enums.TestContext" finished-at="2025-05-03T20:11:11 IST" duration-ms="17">
    <groups>
    </groups>
    <test started-at="2025-05-03T20:11:11 IST" name="Command line test" finished-at="2025-05-03T20:11:11 IST" duration-ms="17">
    </test> <!-- Command line test -->
  </suite> <!-- org.example.regression.common.enums.TestContext -->
</testng-results>
